<?xml version="1.0" encoding="UTF-8"?>
<!-- Generated by org.testng.reporters.JUnitReportReporter -->
<testsuite hostname="Yadav" failures="0" tests="1" name="testCases.TC002_LoginTest" time="1.863" errors="0" timestamp="2024-10-23T08:37:06 IST" skipped="0">
  <testcase classname="testCases.TC002_LoginTest" name="verifyLoginTest" time="1.863"/>
</testsuite> <!-- testCases.TC002_LoginTest -->
